Thu May 29, 2014 17:49:44: [gprs_ublox.c:69.9] #0 AT CMD STATE:GPRS_STATE_AT_CHECK
Thu May 29, 2014 17:49:44: [gprs_ublox.c:69.9] #1 AT CMD STATE:GPRS_STATE_ATEX_SET
Thu May 29, 2014 17:49:45: [gprs_ublox.c:69.9] #2 AT CMD STATE:GPRS_STATE_SOCKET_HEX_SET
Thu May 29, 2014 17:49:45: [gprs_ublox.c:69.9] #3 AT CMD STATE:GPRS_STATE_CARD_CHECK
Thu May 29, 2014 17:49:45: [gprs_ublox.c:69.9] #4 AT CMD STATE:GPRS_STATE_CSQ_CHECK
Thu May 29, 2014 17:49:45: [gprs_ublox.c:69.9] #5 AT CMD STATE:GPRS_STATE_SMS_SET_TXT
Thu May 29, 2014 17:49:45: [gprs_ublox.c:69.9] #6 AT CMD STATE:GPRS_STATE_SMS_SET_LOC
Thu May 29, 2014 17:49:45: [gprs_ublox.c:69.9] #7 AT CMD STATE:GPRS_STATE_SMS_SET_DISINDICATE
Thu May 29, 2014 17:49:45: [gprs_ublox.c:69.9] #8 AT CMD STATE:GPRS_STATE_CREG_CHECK
Thu May 29, 2014 17:49:46: [gprs_ublox.c:69.9] #9 AT CMD STATE:GPRS_STATE_CGREG_CHECK
Thu May 29, 2014 17:49:46: [gprs_ublox.c:69.9] #10 AT CMD STATE:GPRS_STATE_USPDA_SET
Thu May 29, 2014 17:49:47: [gprs_ublox.c:69.9] #11 AT CMD STATE:GPRS_STATE_TCPIP_CREAT
Thu May 29, 2014 17:49:48: [gprs_ublox.c:260.45] #0 NEW SOCKET CREAT: 0
Thu May 29, 2014 17:49:48: [gprs_ublox.c:69.9] #12 AT CMD STATE:GPRS_STATE_TCPIP_SET
Thu May 29, 2014 17:49:51: [gprs_ublox.c:69.9] #13 AT CMD STATE:GPRS_STATE_TCPIP_SET
Thu May 29, 2014 17:49:51: [gprs_ublox.c:69.9] #14 AT CMD STATE:GPRS_STATE_CGREG_CHECK
Thu May 29, 2014 17:49:52: [gprs_ublox.c:69.9] #15 AT CMD STATE:GPRS_STATE_USPDA_SET
Thu May 29, 2014 17:49:52: [gprs_ublox.c:69.9] #16 AT CMD STATE:GPRS_STATE_TCPIP_CREAT
Thu May 29, 2014 17:49:52: [gprs_ublox.c:260.45] #1 NEW SOCKET CREAT: 0
Thu May 29, 2014 17:49:52: [gprs_ublox.c:69.9] #17 AT CMD STATE:GPRS_STATE_TCPIP_SET
Thu May 29, 2014 17:49:55: [gprs_ublox.c:69.9] #18 AT CMD STATE:GPRS_STATE_TCPIP_SET
Thu May 29, 2014 17:49:56: [gprs_ublox.c:69.9] #19 AT CMD STATE:GPRS_STATE_CGREG_CHECK
Thu May 29, 2014 17:49:56: [gprs_ublox.c:69.9] #20 AT CMD STATE:GPRS_STATE_USPDA_SET
Thu May 29, 2014 17:49:56: [gprs_ublox.c:69.9] #21 AT CMD STATE:GPRS_STATE_TCPIP_CREAT
Thu May 29, 2014 17:49:56: [gprs_ublox.c:260.45] #2 NEW SOCKET CREAT: 0
Thu May 29, 2014 17:49:56: [gprs_ublox.c:69.9] #22 AT CMD STATE:GPRS_STATE_TCPIP_SET
Thu May 29, 2014 17:50:00: [gprs_ublox.c:69.9] #23 AT CMD STATE:GPRS_STATE_TCPIP_SET
Thu May 29, 2014 17:50:00: [gprs_ublox.c:69.9] #24 AT CMD STATE:GPRS_STATE_CGREG_CHECK
Thu May 29, 2014 17:50:00: [gprs_ublox.c:69.9] #25 AT CMD STATE:GPRS_STATE_USPDA_SET
Thu May 29, 2014 17:50:00: [gprs_ublox.c:69.9] #26 AT CMD STATE:GPRS_STATE_TCPIP_CREAT
Thu May 29, 2014 17:50:00: [gprs_ublox.c:260.45] #3 NEW SOCKET CREAT: 0
Thu May 29, 2014 17:50:00: [gprs_ublox.c:69.9] #27 AT CMD STATE:GPRS_STATE_TCPIP_SET
Thu May 29, 2014 17:50:04: [gprs_ublox.c:69.9] #28 AT CMD STATE:GPRS_STATE_TCPIP_SET
Thu May 29, 2014 17:50:04: [gprs_ublox.c:69.9] #29 AT CMD STATE:GPRS_STATE_CGREG_CHECK
Thu May 29, 2014 17:50:04: [gprs_ublox.c:69.9] #30 AT CMD STATE:GPRS_STATE_USPDA_SET
Thu May 29, 2014 17:50:04: [gprs_ublox.c:69.9] #31 AT CMD STATE:GPRS_STATE_TCPIP_CREAT
Thu May 29, 2014 17:50:05: [gprs_ublox.c:260.45] #4 NEW SOCKET CREAT: 0
Thu May 29, 2014 17:50:05: [gprs_ublox.c:69.9] #32 AT CMD STATE:GPRS_STATE_TCPIP_SET
Thu May 29, 2014 17:50:08: [gprs_ublox.c:69.9] #33 AT CMD STATE:GPRS_STATE_TCPIP_SET
Thu May 29, 2014 17:50:09: [gprs_ublox.c:69.9] #34 AT CMD STATE:GPRS_STATE_CGREG_CHECK
Thu May 29, 2014 17:50:09: [gprs_ublox.c:69.9] #35 AT CMD STATE:GPRS_STATE_USPDA_SET
Thu May 29, 2014 17:50:09: [gprs_ublox.c:69.9] #36 AT CMD STATE:GPRS_STATE_TCPIP_CREAT
Thu May 29, 2014 17:50:09: [gprs_ublox.c:260.45] #5 NEW SOCKET CREAT: 0
Thu May 29, 2014 17:50:09: [gprs_ublox.c:69.9] #37 AT CMD STATE:GPRS_STATE_TCPIP_SET
Thu May 29, 2014 17:50:13: [gprs_ublox.c:69.9] #38 AT CMD STATE:GPRS_STATE_TCPIP_SET
Thu May 29, 2014 17:50:13: [gprs_ublox.c:69.9] #39 AT CMD STATE:GPRS_STATE_CGREG_CHECK
Thu May 29, 2014 17:50:13: [gprs_ublox.c:69.9] #40 AT CMD STATE:GPRS_STATE_USPDA_SET
Thu May 29, 2014 17:50:13: [gprs_ublox.c:69.9] #41 AT CMD STATE:GPRS_STATE_TCPIP_CREAT
Thu May 29, 2014 17:50:13: [gprs_ublox.c:260.45] #6 NEW SOCKET CREAT: 0
Thu May 29, 2014 17:50:13: [gprs_ublox.c:69.9] #42 AT CMD STATE:GPRS_STATE_TCPIP_SET
Thu May 29, 2014 17:50:18: [gprs_ublox.c:69.9] #43 AT CMD STATE:GPRS_STATE_TCPIP_SET
Thu May 29, 2014 17:50:18: [gprs_ublox.c:69.9] #44 AT CMD STATE:GPRS_STATE_CGREG_CHECK
Thu May 29, 2014 17:50:18: [gprs_ublox.c:69.9] #45 AT CMD STATE:GPRS_STATE_USPDA_SET
Thu May 29, 2014 17:50:18: [gprs_ublox.c:69.9] #46 AT CMD STATE:GPRS_STATE_TCPIP_CREAT
Thu May 29, 2014 17:50:18: [gprs_ublox.c:260.45] #7 NEW SOCKET CREAT: 0
Thu May 29, 2014 17:50:18: [gprs_ublox.c:69.9] #47 AT CMD STATE:GPRS_STATE_TCPIP_SET
Thu May 29, 2014 17:50:22: [gprs_ublox.c:69.9] #48 AT CMD STATE:GPRS_STATE_TCPIP_SET
Thu May 29, 2014 17:50:22: [gprs_ublox.c:69.9] #49 AT CMD STATE:GPRS_STATE_CGREG_CHECK
Thu May 29, 2014 17:50:22: [gprs_ublox.c:69.9] #50 AT CMD STATE:GPRS_STATE_USPDA_SET
Thu May 29, 2014 17:50:22: [gprs_ublox.c:69.9] #51 AT CMD STATE:GPRS_STATE_TCPIP_CREAT
Thu May 29, 2014 17:50:22: [gprs_ublox.c:260.45] #8 NEW SOCKET CREAT: 0
Thu May 29, 2014 17:50:23: [gprs_ublox.c:69.9] #52 AT CMD STATE:GPRS_STATE_TCPIP_SET
Thu May 29, 2014 17:50:26: [gprs_ublox.c:69.9] #53 AT CMD STATE:GPRS_STATE_TCPIP_SET
Thu May 29, 2014 17:50:27: [gprs_ublox.c:69.9] #54 AT CMD STATE:GPRS_STATE_CGREG_CHECK
Thu May 29, 2014 17:50:27: [gprs_ublox.c:69.9] #55 AT CMD STATE:GPRS_STATE_USPDA_SET
Thu May 29, 2014 17:50:27: [gprs_ublox.c:69.9] #56 AT CMD STATE:GPRS_STATE_TCPIP_CREAT
Thu May 29, 2014 17:50:27: [gprs_ublox.c:260.45] #9 NEW SOCKET CREAT: 0
Thu May 29, 2014 17:50:27: [gprs_ublox.c:69.9] #57 AT CMD STATE:GPRS_STATE_TCPIP_SET
Thu May 29, 2014 17:50:31: [gprs_ublox.c:69.9] #58 AT CMD STATE:GPRS_STATE_TCPIP_SET
Thu May 29, 2014 17:50:31: [gprs_ublox.c:69.9] #59 AT CMD STATE:GPRS_STATE_CGREG_CHECK
Thu May 29, 2014 17:50:31: [gprs_ublox.c:69.9] #60 AT CMD STATE:GPRS_STATE_USPDA_SET
Thu May 29, 2014 17:50:31: [gprs_ublox.c:69.9] #61 AT CMD STATE:GPRS_STATE_TCPIP_CREAT
Thu May 29, 2014 17:50:31: [gprs_ublox.c:260.45] #10 NEW SOCKET CREAT: 0
Thu May 29, 2014 17:50:31: [gprs_ublox.c:69.9] #62 AT CMD STATE:GPRS_STATE_TCPIP_SET
Thu May 29, 2014 17:50:35: [gprs_ublox.c:69.9] #63 AT CMD STATE:GPRS_STATE_TCPIP_SET
Thu May 29, 2014 17:50:35: [gprs_ublox.c:69.9] #64 AT CMD STATE:GPRS_STATE_CGREG_CHECK
Thu May 29, 2014 17:50:35: [gprs_ublox.c:69.9] #65 AT CMD STATE:GPRS_STATE_USPDA_SET
Thu May 29, 2014 17:50:35: [gprs_ublox.c:69.9] #66 AT CMD STATE:GPRS_STATE_TCPIP_CREAT
Thu May 29, 2014 17:50:36: [gprs_ublox.c:260.45] #11 NEW SOCKET CREAT: 0
Thu May 29, 2014 17:50:36: [gprs_ublox.c:69.9] #67 AT CMD STATE:GPRS_STATE_TCPIP_SET
Thu May 29, 2014 17:50:40: [gprs_ublox.c:69.9] #68 AT CMD STATE:GPRS_STATE_TCPIP_SET
Thu May 29, 2014 17:50:40: [gprs_ublox.c:69.9] #69 AT CMD STATE:GPRS_STATE_CGREG_CHECK
Thu May 29, 2014 17:50:40: [gprs_ublox.c:69.9] #70 AT CMD STATE:GPRS_STATE_USPDA_SET
Thu May 29, 2014 17:50:40: [gprs_ublox.c:69.9] #71 AT CMD STATE:GPRS_STATE_TCPIP_CREAT
Thu May 29, 2014 17:50:40: [gprs_ublox.c:260.45] #12 NEW SOCKET CREAT: 0
Thu May 29, 2014 17:50:40: [gprs_ublox.c:69.9] #72 AT CMD STATE:GPRS_STATE_TCPIP_SET
Thu May 29, 2014 17:50:44: [gprs_ublox.c:69.9] #73 AT CMD STATE:GPRS_STATE_TCPIP_SET
Thu May 29, 2014 17:50:44: [gprs_ublox.c:69.9] #74 AT CMD STATE:GPRS_STATE_CGREG_CHECK
Thu May 29, 2014 17:50:44: [gprs_ublox.c:69.9] #75 AT CMD STATE:GPRS_STATE_USPDA_SET
Thu May 29, 2014 17:50:44: [gprs_ublox.c:69.9] #76 AT CMD STATE:GPRS_STATE_TCPIP_CREAT
Thu May 29, 2014 17:50:44: [gprs_ublox.c:260.45] #13 NEW SOCKET CREAT: 0
Thu May 29, 2014 17:50:44: [gprs_ublox.c:69.9] #77 AT CMD STATE:GPRS_STATE_TCPIP_SET
Thu May 29, 2014 17:50:48: [gprs_ublox.c:69.9] #78 AT CMD STATE:GPRS_STATE_TCPIP_SET
Thu May 29, 2014 17:50:48: [gprs_ublox.c:69.9] #79 AT CMD STATE:GPRS_STATE_CGREG_CHECK
Thu May 29, 2014 17:50:49: [gprs_ublox.c:69.9] #80 AT CMD STATE:GPRS_STATE_USPDA_SET
Thu May 29, 2014 17:50:49: [gprs_ublox.c:69.9] #81 AT CMD STATE:GPRS_STATE_TCPIP_CREAT
Thu May 29, 2014 17:50:49: [gprs_ublox.c:260.45] #14 NEW SOCKET CREAT: 0
Thu May 29, 2014 17:50:49: [gprs_ublox.c:69.9] #82 AT CMD STATE:GPRS_STATE_TCPIP_SET
Thu May 29, 2014 17:50:52: [gprs_ublox.c:69.9] #83 AT CMD STATE:GPRS_STATE_TCPIP_SET
Thu May 29, 2014 17:50:53: [gprs_ublox.c:69.9] #84 AT CMD STATE:GPRS_STATE_CGREG_CHECK
Thu May 29, 2014 17:50:53: [gprs_ublox.c:69.9] #85 AT CMD STATE:GPRS_STATE_USPDA_SET
Thu May 29, 2014 17:50:53: [gprs_ublox.c:69.9] #86 AT CMD STATE:GPRS_STATE_TCPIP_CREAT
Thu May 29, 2014 17:50:53: [gprs_ublox.c:260.45] #15 NEW SOCKET CREAT: 0
Thu May 29, 2014 17:50:53: [gprs_ublox.c:69.9] #87 AT CMD STATE:GPRS_STATE_TCPIP_SET
Thu May 29, 2014 17:50:57: [gprs_ublox.c:69.9] #88 AT CMD STATE:GPRS_STATE_TCPIP_SET
Thu May 29, 2014 17:50:57: [gprs_ublox.c:69.9] #89 AT CMD STATE:GPRS_STATE_CGREG_CHECK
Thu May 29, 2014 17:50:57: [gprs_ublox.c:69.9] #90 AT CMD STATE:GPRS_STATE_USPDA_SET
Thu May 29, 2014 17:50:57: [gprs_ublox.c:69.9] #91 AT CMD STATE:GPRS_STATE_TCPIP_CREAT
Thu May 29, 2014 17:50:57: [gprs_ublox.c:260.45] #16 NEW SOCKET CREAT: 0
Thu May 29, 2014 17:50:57: [gprs_ublox.c:69.9] #92 AT CMD STATE:GPRS_STATE_TCPIP_SET
Thu May 29, 2014 17:51:16: [gprs_ublox.c:69.9] #93 AT CMD STATE:GPRS_STATE_TCPIP_SET
Thu May 29, 2014 17:51:16: [gprs_ublox.c:69.9] #94 AT CMD STATE:GPRS_STATE_CGREG_CHECK
Thu May 29, 2014 17:51:16: [gprs_ublox.c:69.9] #95 AT CMD STATE:GPRS_STATE_USPDA_SET
Thu May 29, 2014 17:51:16: [gprs_ublox.c:69.9] #96 AT CMD STATE:GPRS_STATE_TCPIP_CREAT
Thu May 29, 2014 17:51:17: [gprs_ublox.c:260.45] #17 NEW SOCKET CREAT: 0
Thu May 29, 2014 17:51:17: [gprs_ublox.c:69.9] #97 AT CMD STATE:GPRS_STATE_TCPIP_SET
Thu May 29, 2014 17:51:20: [gprs_ublox.c:69.9] #98 AT CMD STATE:GPRS_STATE_TCPIP_SET
Thu May 29, 2014 17:51:21: [gprs_ublox.c:69.9] #99 AT CMD STATE:GPRS_STATE_CGREG_CHECK
Thu May 29, 2014 17:51:21: [gprs_ublox.c:69.9] #100 AT CMD STATE:GPRS_STATE_USPDA_SET
Thu May 29, 2014 17:51:21: [gprs_ublox.c:69.9] #101 AT CMD STATE:GPRS_STATE_TCPIP_CREAT
Thu May 29, 2014 17:51:21: [gprs_ublox.c:260.45] #18 NEW SOCKET CREAT: 0
Thu May 29, 2014 17:51:21: [gprs_ublox.c:69.9] #102 AT CMD STATE:GPRS_STATE_TCPIP_SET
Thu May 29, 2014 17:51:25: [gprs_ublox.c:69.9] #103 AT CMD STATE:GPRS_STATE_TCPIP_SET
Thu May 29, 2014 17:51:25: [gprs_ublox.c:69.9] #104 AT CMD STATE:GPRS_STATE_CGREG_CHECK
Thu May 29, 2014 17:51:25: [gprs_ublox.c:69.9] #105 AT CMD STATE:GPRS_STATE_USPDA_SET
Thu May 29, 2014 17:51:25: [gprs_ublox.c:69.9] #106 AT CMD STATE:GPRS_STATE_TCPIP_CREAT
Thu May 29, 2014 17:51:25: [gprs_ublox.c:260.45] #19 NEW SOCKET CREAT: 0
Thu May 29, 2014 17:51:25: [gprs_ublox.c:69.9] #107 AT CMD STATE:GPRS_STATE_TCPIP_SET
Thu May 29, 2014 17:51:29: [gprs_ublox.c:69.9] #108 AT CMD STATE:GPRS_STATE_TCPIP_SET
Thu May 29, 2014 17:51:29: [gprs_ublox.c:69.9] #109 AT CMD STATE:GPRS_STATE_CGREG_CHECK
Thu May 29, 2014 17:51:29: [gprs_ublox.c:69.9] #110 AT CMD STATE:GPRS_STATE_USPDA_SET
Thu May 29, 2014 17:51:29: [gprs_ublox.c:69.9] #111 AT CMD STATE:GPRS_STATE_TCPIP_CREAT
Thu May 29, 2014 17:51:29: [gprs_ublox.c:260.45] #20 NEW SOCKET CREAT: 0
Thu May 29, 2014 17:51:29: [gprs_ublox.c:69.9] #112 AT CMD STATE:GPRS_STATE_TCPIP_SET
Thu May 29, 2014 17:51:33: [gprs_ublox.c:69.9] #113 AT CMD STATE:GPRS_STATE_TCPIP_SET
Thu May 29, 2014 17:51:33: [gprs_ublox.c:69.9] #114 AT CMD STATE:GPRS_STATE_CGREG_CHECK
Thu May 29, 2014 17:51:33: [gprs_ublox.c:69.9] #115 AT CMD STATE:GPRS_STATE_USPDA_SET
Thu May 29, 2014 17:51:33: [gprs_ublox.c:69.9] #116 AT CMD STATE:GPRS_STATE_TCPIP_CREAT
Thu May 29, 2014 17:51:34: [gprs_ublox.c:260.45] #21 NEW SOCKET CREAT: 0
Thu May 29, 2014 17:51:34: [gprs_ublox.c:69.9] #117 AT CMD STATE:GPRS_STATE_TCPIP_SET
Thu May 29, 2014 17:51:37: [gprs_ublox.c:69.9] #118 AT CMD STATE:GPRS_STATE_TCPIP_SET
Thu May 29, 2014 17:51:38: [gprs_ublox.c:69.9] #119 AT CMD STATE:GPRS_STATE_CGREG_CHECK
Thu May 29, 2014 17:51:38: [gprs_ublox.c:69.9] #120 AT CMD STATE:GPRS_STATE_USPDA_SET
Thu May 29, 2014 17:51:38: [gprs_ublox.c:69.9] #121 AT CMD STATE:GPRS_STATE_TCPIP_CREAT
Thu May 29, 2014 17:51:38: [gprs_ublox.c:260.45] #22 NEW SOCKET CREAT: 0
Thu May 29, 2014 17:51:38: [gprs_ublox.c:69.9] #122 AT CMD STATE:GPRS_STATE_TCPIP_SET
Thu May 29, 2014 17:51:42: [gprs_ublox.c:69.9] #123 AT CMD STATE:GPRS_STATE_TCPIP_SET
Thu May 29, 2014 17:51:42: [gprs_ublox.c:69.9] #124 AT CMD STATE:GPRS_STATE_CGREG_CHECK
Thu May 29, 2014 17:51:42: [gprs_ublox.c:69.9] #125 AT CMD STATE:GPRS_STATE_USPDA_SET
Thu May 29, 2014 17:51:42: [gprs_ublox.c:69.9] #126 AT CMD STATE:GPRS_STATE_TCPIP_CREAT
Thu May 29, 2014 17:51:42: [gprs_ublox.c:260.45] #23 NEW SOCKET CREAT: 0
Thu May 29, 2014 17:51:42: [gprs_ublox.c:69.9] #127 AT CMD STATE:GPRS_STATE_TCPIP_SET
Thu May 29, 2014 17:51:46: [gprs_ublox.c:69.9] #128 AT CMD STATE:GPRS_STATE_TCPIP_SET
Thu May 29, 2014 17:51:46: [gprs_ublox.c:69.9] #129 AT CMD STATE:GPRS_STATE_CGREG_CHECK
Thu May 29, 2014 17:51:46: [gprs_ublox.c:69.9] #130 AT CMD STATE:GPRS_STATE_USPDA_SET
Thu May 29, 2014 17:51:47: [gprs_ublox.c:69.9] #131 AT CMD STATE:GPRS_STATE_TCPIP_CREAT
Thu May 29, 2014 17:51:47: [gprs_ublox.c:260.45] #24 NEW SOCKET CREAT: 0
Thu May 29, 2014 17:51:47: [gprs_ublox.c:69.9] #132 AT CMD STATE:GPRS_STATE_TCPIP_SET
Thu May 29, 2014 17:51:50: [gprs_ublox.c:69.9] #133 AT CMD STATE:GPRS_STATE_TCPIP_SET
Thu May 29, 2014 17:51:51: [gprs_ublox.c:69.9] #134 AT CMD STATE:GPRS_STATE_CGREG_CHECK
Thu May 29, 2014 17:51:51: [gprs_ublox.c:69.9] #135 AT CMD STATE:GPRS_STATE_USPDA_SET
Thu May 29, 2014 17:51:51: [gprs_ublox.c:69.9] #136 AT CMD STATE:GPRS_STATE_TCPIP_CREAT
Thu May 29, 2014 17:51:51: [gprs_ublox.c:260.45] #25 NEW SOCKET CREAT: 0
Thu May 29, 2014 17:51:51: [gprs_ublox.c:69.9] #137 AT CMD STATE:GPRS_STATE_TCPIP_SET
Thu May 29, 2014 17:51:55: [gprs_ublox.c:69.9] #138 AT CMD STATE:GPRS_STATE_TCPIP_SET
Thu May 29, 2014 17:51:55: [gprs_ublox.c:69.9] #139 AT CMD STATE:GPRS_STATE_CGREG_CHECK
Thu May 29, 2014 17:51:55: [gprs_ublox.c:69.9] #140 AT CMD STATE:GPRS_STATE_USPDA_SET
Thu May 29, 2014 17:51:55: [gprs_ublox.c:69.9] #141 AT CMD STATE:GPRS_STATE_TCPIP_CREAT
Thu May 29, 2014 17:51:55: [gprs_ublox.c:260.45] #26 NEW SOCKET CREAT: 0
Thu May 29, 2014 17:51:55: [gprs_ublox.c:69.9] #142 AT CMD STATE:GPRS_STATE_TCPIP_SET
Thu May 29, 2014 17:51:59: [gprs_ublox.c:69.9] #143 AT CMD STATE:GPRS_STATE_TCPIP_SET
Thu May 29, 2014 17:51:59: [gprs_ublox.c:69.9] #144 AT CMD STATE:GPRS_STATE_CGREG_CHECK
Thu May 29, 2014 17:51:59: [gprs_ublox.c:69.9] #145 AT CMD STATE:GPRS_STATE_USPDA_SET
Thu May 29, 2014 17:51:59: [gprs_ublox.c:69.9] #146 AT CMD STATE:GPRS_STATE_TCPIP_CREAT
Thu May 29, 2014 17:51:59: [gprs_ublox.c:260.45] #27 NEW SOCKET CREAT: 0
Thu May 29, 2014 17:52:00: [gprs_ublox.c:69.9] #147 AT CMD STATE:GPRS_STATE_TCPIP_SET
Thu May 29, 2014 17:52:21: [gprs_ublox.c:69.9] #148 AT CMD STATE:GPRS_STATE_TCPIP_SET
Thu May 29, 2014 17:52:21: [gprs_ublox.c:69.9] #149 AT CMD STATE:GPRS_STATE_CGREG_CHECK
Thu May 29, 2014 17:52:22: [gprs_ublox.c:69.9] #150 AT CMD STATE:GPRS_STATE_USPDA_SET
Thu May 29, 2014 17:52:22: [gprs_ublox.c:69.9] #151 AT CMD STATE:GPRS_STATE_TCPIP_CREAT
Thu May 29, 2014 17:52:22: [gprs_ublox.c:260.45] #28 NEW SOCKET CREAT: 0
Thu May 29, 2014 17:52:22: [gprs_ublox.c:69.9] #152 AT CMD STATE:GPRS_STATE_TCPIP_SET
Thu May 29, 2014 17:52:43: [gprs_ublox.c:69.9] #153 AT CMD STATE:GPRS_STATE_TCPIP_SET
Thu May 29, 2014 17:52:44: [gprs_ublox.c:69.9] #154 AT CMD STATE:GPRS_STATE_CGREG_CHECK
Thu May 29, 2014 17:52:44: [gprs_ublox.c:69.9] #155 AT CMD STATE:GPRS_STATE_USPDA_SET
Thu May 29, 2014 17:52:44: [gprs_ublox.c:69.9] #156 AT CMD STATE:GPRS_STATE_TCPIP_CREAT
Thu May 29, 2014 17:52:44: [gprs_ublox.c:260.45] #29 NEW SOCKET CREAT: 0
Thu May 29, 2014 17:52:44: [gprs_ublox.c:69.9] #157 AT CMD STATE:GPRS_STATE_TCPIP_SET
Thu May 29, 2014 17:52:48: [gprs_ublox.c:69.9] #158 AT CMD STATE:GPRS_STATE_TCPIP_SET
Thu May 29, 2014 17:52:48: [gprs_ublox.c:69.9] #159 AT CMD STATE:GPRS_STATE_CGREG_CHECK
Thu May 29, 2014 17:52:48: [gprs_ublox.c:69.9] #160 AT CMD STATE:GPRS_STATE_USPDA_SET
Thu May 29, 2014 17:52:48: [gprs_ublox.c:69.9] #161 AT CMD STATE:GPRS_STATE_TCPIP_CREAT
Thu May 29, 2014 17:52:48: [gprs_ublox.c:260.45] #30 NEW SOCKET CREAT: 0
Thu May 29, 2014 17:52:48: [gprs_ublox.c:69.9] #162 AT CMD STATE:GPRS_STATE_TCPIP_SET
Thu May 29, 2014 17:52:52: [gprs_ublox.c:69.9] #163 AT CMD STATE:GPRS_STATE_TCPIP_SET
Thu May 29, 2014 17:52:52: [gprs_ublox.c:69.9] #164 AT CMD STATE:GPRS_STATE_CGREG_CHECK
Thu May 29, 2014 17:52:53: [gprs_ublox.c:69.9] #165 AT CMD STATE:GPRS_STATE_USPDA_SET
Thu May 29, 2014 17:52:53: [gprs_ublox.c:69.9] #166 AT CMD STATE:GPRS_STATE_TCPIP_CREAT
Thu May 29, 2014 17:52:53: [gprs_ublox.c:260.45] #31 NEW SOCKET CREAT: 0
Thu May 29, 2014 17:52:53: [gprs_ublox.c:69.9] #167 AT CMD STATE:GPRS_STATE_TCPIP_SET
